<?xml version="1.0" encoding="UTF-8"?>
<testsuite name="com.jojoldu.book.springboot.web.IndexControllerTest" tests="1" skipped="0" failures="0" errors="0" timestamp="2024-04-03T01:51:07" hostname="DESKTOP-ATQCDJ2" time="0.136">
  <properties/>
  <testcase name="메인페이지_로딩" classname="com.jojoldu.book.springboot.web.IndexControllerTest" time="0.136"/>
  <system-out><![CDATA[2024-04-03 10:51:05.577  INFO 9416 --- [    Test worker] .b.t.c.SpringBootTestContextBootstrapper : Neither @ContextConfiguration nor @ContextHierarchy found for test class [com.jojoldu.book.springboot.web.IndexControllerTest], using SpringBootContextLoader
2024-04-03 10:51:05.578  INFO 9416 --- [    Test worker] o.s.t.c.support.AbstractContextLoader    : Could not detect default resource locations for test class [com.jojoldu.book.springboot.web.IndexControllerTest]: no resource found for suffixes {-context.xml, Context.groovy}.
2024-04-03 10:51:05.578  INFO 9416 --- [    Test worker] t.c.s.AnnotationConfigContextLoaderUtils : Could not detect default configuration classes for test class [com.jojoldu.book.springboot.web.IndexControllerTest]: IndexControllerTest does not declare any static, non-private, non-final, nested classes annotated with @Configuration.
2024-04-03 10:51:05.587  INFO 9416 --- [    Test worker] .b.t.c.SpringBootTestContextBootstrapper : Found @SpringBootConfiguration com.jojoldu.book.springboot.Application for test class com.jojoldu.book.springboot.web.IndexControllerTest
2024-04-03 10:51:05.588  INFO 9416 --- [    Test worker] .b.t.c.SpringBootTestContextBootstrapper : Loaded default TestExecutionListener class names from location [META-INF/spring.factories]: [org.springframework.security.test.context.support.WithSecurityContextTestExecutionListener, org.springframework.security.test.context.support.ReactorContextTestExecutionListener, org.springframework.boot.test.autoconfigure.restdocs.RestDocsTestExecutionListener, org.springframework.boot.test.autoconfigure.web.client.MockRestServiceServerResetTestExecutionListener, org.springframework.boot.test.autoconfigure.web.servlet.MockMvcPrintOnlyOnFailureTestExecutionListener, org.springframework.boot.test.autoconfigure.web.servlet.WebDriverTestExecutionListener, org.springframework.boot.test.mock.mockito.MockitoTestExecutionListener, org.springframework.boot.test.mock.mockito.ResetMocksTestExecutionListener, org.springframework.test.context.web.ServletTestExecutionListener, org.springframework.test.context.support.DirtiesContextBeforeModesTestExecutionListener, org.springframework.test.context.support.DependencyInjectionTestExecutionListener, org.springframework.test.context.support.DirtiesContextTestExecutionListener, org.springframework.test.context.transaction.TransactionalTestExecutionListener, org.springframework.test.context.jdbc.SqlScriptsTestExecutionListener]
2024-04-03 10:51:05.589  INFO 9416 --- [    Test worker] .b.t.c.SpringBootTestContextBootstrapper : Using TestExecutionListeners: [org.springframework.test.context.web.ServletTestExecutionListener@5158bc24, org.springframework.test.context.support.DirtiesContextBeforeModesTestExecutionListener@1db582cd, org.springframework.boot.test.mock.mockito.MockitoTestExecutionListener@88de6ea, org.springframework.boot.test.autoconfigure.SpringBootDependencyInjectionTestExecutionListener@39d5308a, org.springframework.test.context.support.DirtiesContextTestExecutionListener@2df81208, org.springframework.test.context.transaction.TransactionalTestExecutionListener@1cea4e90, org.springframework.test.context.jdbc.SqlScriptsTestExecutionListener@7bb74151, org.springframework.security.test.context.support.WithSecurityContextTestExecutionListener@6b766fcd, org.springframework.security.test.context.support.ReactorContextTestExecutionListener@67358f9, org.springframework.boot.test.autoconfigure.restdocs.RestDocsTestExecutionListener@48a30869, org.springframework.boot.test.autoconfigure.web.client.MockRestServiceServerResetTestExecutionListener@95f75e5, org.springframework.boot.test.autoconfigure.web.servlet.MockMvcPrintOnlyOnFailureTestExecutionListener@518f7b04, org.springframework.boot.test.autoconfigure.web.servlet.WebDriverTestExecutionListener@4da7455c, org.springframework.boot.test.mock.mockito.ResetMocksTestExecutionListener@1d17ecc1]

  .   ____          _            __ _ _
 /\\ / ___'_ __ _ _(_)_ __  __ _ \ \ \ \
( ( )\___ | '_ | '_| | '_ \/ _` | \ \ \ \
 \\/  ___)| |_)| | | | | || (_| |  ) ) ) )
  '  |____| .__|_| |_|_| |_\__, | / / / /
 =========|_|==============|___/=/_/_/_/
 :: Spring Boot ::        (v2.1.9.RELEASE)

2024-04-03 10:51:05.614  INFO 9416 --- [    Test worker] c.j.b.s.web.IndexControllerTest          : Starting IndexControllerTest on DESKTOP-ATQCDJ2 with PID 9416 (started by tjdgu in C:\dev\stormStudy)
2024-04-03 10:51:05.615  INFO 9416 --- [    Test worker] c.j.b.s.web.IndexControllerTest          : No active profile set, falling back to default profiles: default
2024-04-03 10:51:05.786  INFO 9416 --- [    Test worker] .s.d.r.c.RepositoryConfigurationDelegate : Bootstrapping Spring Data repositories in DEFAULT mode.
2024-04-03 10:51:05.815  INFO 9416 --- [    Test worker] .s.d.r.c.RepositoryConfigurationDelegate : Finished Spring Data repository scanning in 29ms. Found 2 repository interfaces.
2024-04-03 10:51:05.884  INFO 9416 --- [    Test worker] trationDelegate$BeanPostProcessorChecker : Bean 'org.springframework.transaction.annotation.ProxyTransactionManagementConfiguration' of type [org.springframework.transaction.annotation.ProxyTransactionManagementConfiguration$$EnhancerBySpringCGLIB$$fb5b7745] is not eligible for getting processed by all BeanPostProcessors (for example: not eligible for auto-proxying)
2024-04-03 10:51:06.085  INFO 9416 --- [    Test worker] o.s.b.w.embedded.tomcat.TomcatWebServer  : Tomcat initialized with port(s): 0 (http)
2024-04-03 10:51:06.110  INFO 9416 --- [    Test worker] o.apache.catalina.core.StandardService   : Starting service [Tomcat]
2024-04-03 10:51:06.110  INFO 9416 --- [    Test worker] org.apache.catalina.core.StandardEngine  : Starting Servlet engine: [Apache Tomcat/9.0.26]
2024-04-03 10:51:06.255  INFO 9416 --- [    Test worker] o.a.c.c.C.[Tomcat].[localhost].[/]       : Initializing Spring embedded WebApplicationContext
2024-04-03 10:51:06.255  INFO 9416 --- [    Test worker] o.s.web.context.ContextLoader            : Root WebApplicationContext: initialization completed in 639 ms
2024-04-03 10:51:06.400  INFO 9416 --- [    Test worker] com.zaxxer.hikari.HikariDataSource       : HikariPool-2 - Starting...
2024-04-03 10:51:06.401  INFO 9416 --- [    Test worker] com.zaxxer.hikari.HikariDataSource       : HikariPool-2 - Start completed.
2024-04-03 10:51:06.434  INFO 9416 --- [    Test worker] o.hibernate.jpa.internal.util.LogHelper  : HHH000204: Processing PersistenceUnitInfo [
	name: default
	...]
2024-04-03 10:51:06.445  INFO 9416 --- [    Test worker] org.hibernate.dialect.Dialect            : HHH000400: Using dialect: org.hibernate.dialect.MySQL5InnoDBDialect
Hibernate: drop table if exists posts
Hibernate: drop table if exists user
Hibernate: create table posts (id bigint not null auto_increment, created_date datetime, modified_date datetime, author varchar(255), content TEXT not null, title varchar(500) not null, primary key (id)) engine=InnoDB
Hibernate: create table user (id bigint not null auto_increment, created_date datetime, modified_date datetime, email varchar(255) not null, name varchar(255) not null, picture varchar(255), role varchar(255) not null, primary key (id)) engine=InnoDB
2024-04-03 10:51:06.484  INFO 9416 --- [    Test worker] o.h.t.schema.internal.SchemaCreatorImpl  : HHH000476: Executing import script 'org.hibernate.tool.schema.internal.exec.ScriptSourceInputNonExistentImpl@424fc1e7'
2024-04-03 10:51:06.484  INFO 9416 --- [    Test worker] j.LocalContainerEntityManagerFactoryBean : Initialized JPA EntityManagerFactory for persistence unit 'default'
2024-04-03 10:51:06.706  INFO 9416 --- [    Test worker] o.h.h.i.QueryTranslatorFactoryInitiator  : HHH000397: Using ASTQueryTranslatorFactory
2024-04-03 10:51:06.823  INFO 9416 --- [    Test worker] o.s.s.web.DefaultSecurityFilterChain     : Creating filter chain: any request, [org.springframework.security.web.context.request.async.WebAsyncManagerIntegrationFilter@5922c98d, org.springframework.security.web.context.SecurityContextPersistenceFilter@2d6fefb5, org.springframework.security.web.header.HeaderWriterFilter@3d271e2d, org.springframework.security.web.authentication.logout.LogoutFilter@6813e2d3, org.springframework.security.oauth2.client.web.OAuth2AuthorizationRequestRedirectFilter@1998b356, org.springframework.security.oauth2.client.web.OAuth2LoginAuthenticationFilter@34369011, org.springframework.security.web.authentication.ui.DefaultLoginPageGeneratingFilter@3ad3a07b, org.springframework.security.web.authentication.ui.DefaultLogoutPageGeneratingFilter@53b643c7, org.springframework.security.web.savedrequest.RequestCacheAwareFilter@4529216d, org.springframework.security.web.servletapi.SecurityContextHolderAwareRequestFilter@40fa8993, org.springframework.security.web.authentication.AnonymousAuthenticationFilter@f6858e4, org.springframework.security.web.session.SessionManagementFilter@6403da05, org.springframework.security.web.access.ExceptionTranslationFilter@5b067500, org.springframework.security.web.access.intercept.FilterSecurityInterceptor@2a117f1]
2024-04-03 10:51:06.950  INFO 9416 --- [    Test worker] o.s.s.concurrent.ThreadPoolTaskExecutor  : Initializing ExecutorService 'applicationTaskExecutor'
2024-04-03 10:51:06.959  WARN 9416 --- [    Test worker] aWebConfiguration$JpaWebMvcConfiguration : spring.jpa.open-in-view is enabled by default. Therefore, database queries may be performed during view rendering. Explicitly configure spring.jpa.open-in-view to disable this warning
2024-04-03 10:51:06.976  INFO 9416 --- [    Test worker] o.s.b.a.w.s.WelcomePageHandlerMapping    : Adding welcome page template: index
2024-04-03 10:51:07.156  INFO 9416 --- [    Test worker] s.a.ScheduledAnnotationBeanPostProcessor : No TaskScheduler/ScheduledExecutorService bean found for scheduled processing
2024-04-03 10:51:07.171  INFO 9416 --- [    Test worker] o.s.b.w.embedded.tomcat.TomcatWebServer  : Tomcat started on port(s): 59396 (http) with context path ''
2024-04-03 10:51:07.172  INFO 9416 --- [    Test worker] c.j.b.s.web.IndexControllerTest          : Started IndexControllerTest in 1.582 seconds (JVM running for 8.479)
2024-04-03 10:51:07.242  INFO 9416 --- [o-auto-1-exec-1] o.a.c.c.C.[Tomcat].[localhost].[/]       : Initializing Spring DispatcherServlet 'dispatcherServlet'
2024-04-03 10:51:07.243  INFO 9416 --- [o-auto-1-exec-1] o.s.web.servlet.DispatcherServlet        : Initializing Servlet 'dispatcherServlet'
2024-04-03 10:51:07.256  INFO 9416 --- [o-auto-1-exec-1] o.s.web.servlet.DispatcherServlet        : Completed initialization in 13 ms
Hibernate: select posts0_.id as id1_0_, posts0_.created_date as created_2_0_, posts0_.modified_date as modified3_0_, posts0_.author as author4_0_, posts0_.content as content5_0_, posts0_.title as title6_0_ from posts posts0_ order by posts0_.id DESC
]]></system-out>
  <system-err><![CDATA[]]></system-err>
</testsuite>
