<?xml version="1.0" encoding="UTF-8"?>
<testsuite name="com.jojoldu.book.springboot.HelloControllerTest" tests="2" skipped="0" failures="0" errors="0" timestamp="2024-04-03T01:51:05" hostname="DESKTOP-ATQCDJ2" time="0.117">
  <properties/>
  <testcase name="helloDTO가_리턴된다" classname="com.jojoldu.book.springboot.HelloControllerTest" time="0.112"/>
  <testcase name="hello가_return된다" classname="com.jojoldu.book.springboot.HelloControllerTest" time="0.004"/>
  <system-out><![CDATA[2024-04-03 10:51:04.743  INFO 9416 --- [    Test worker] .b.t.a.w.s.WebMvcTestContextBootstrapper : Neither @ContextConfiguration nor @ContextHierarchy found for test class [com.jojoldu.book.springboot.HelloControllerTest], using SpringBootContextLoader
2024-04-03 10:51:04.743  INFO 9416 --- [    Test worker] o.s.t.c.support.AbstractContextLoader    : Could not detect default resource locations for test class [com.jojoldu.book.springboot.HelloControllerTest]: no resource found for suffixes {-context.xml, Context.groovy}.
2024-04-03 10:51:04.744  INFO 9416 --- [    Test worker] t.c.s.AnnotationConfigContextLoaderUtils : Could not detect default configuration classes for test class [com.jojoldu.book.springboot.HelloControllerTest]: HelloControllerTest does not declare any static, non-private, non-final, nested classes annotated with @Configuration.
2024-04-03 10:51:04.758  INFO 9416 --- [    Test worker] .b.t.c.SpringBootTestContextBootstrapper : Found @SpringBootConfiguration com.jojoldu.book.springboot.Application for test class com.jojoldu.book.springboot.HelloControllerTest
2024-04-03 10:51:04.759  INFO 9416 --- [    Test worker] .b.t.a.w.s.WebMvcTestContextBootstrapper : Loaded default TestExecutionListener class names from location [META-INF/spring.factories]: [org.springframework.security.test.context.support.WithSecurityContextTestExecutionListener, org.springframework.security.test.context.support.ReactorContextTestExecutionListener, org.springframework.boot.test.autoconfigure.restdocs.RestDocsTestExecutionListener, org.springframework.boot.test.autoconfigure.web.client.MockRestServiceServerResetTestExecutionListener, org.springframework.boot.test.autoconfigure.web.servlet.MockMvcPrintOnlyOnFailureTestExecutionListener, org.springframework.boot.test.autoconfigure.web.servlet.WebDriverTestExecutionListener, org.springframework.boot.test.mock.mockito.MockitoTestExecutionListener, org.springframework.boot.test.mock.mockito.ResetMocksTestExecutionListener, org.springframework.test.context.web.ServletTestExecutionListener, org.springframework.test.context.support.DirtiesContextBeforeModesTestExecutionListener, org.springframework.test.context.support.DependencyInjectionTestExecutionListener, org.springframework.test.context.support.DirtiesContextTestExecutionListener, org.springframework.test.context.transaction.TransactionalTestExecutionListener, org.springframework.test.context.jdbc.SqlScriptsTestExecutionListener]
2024-04-03 10:51:04.760  INFO 9416 --- [    Test worker] .b.t.a.w.s.WebMvcTestContextBootstrapper : Using TestExecutionListeners: [org.springframework.test.context.web.ServletTestExecutionListener@70e7c9c9, org.springframework.test.context.support.DirtiesContextBeforeModesTestExecutionListener@3b998c30, org.springframework.boot.test.mock.mockito.MockitoTestExecutionListener@200bdcc8, org.springframework.boot.test.autoconfigure.SpringBootDependencyInjectionTestExecutionListener@48095c1f, org.springframework.test.context.support.DirtiesContextTestExecutionListener@6ee6d56, org.springframework.test.context.transaction.TransactionalTestExecutionListener@71e189b7, org.springframework.test.context.jdbc.SqlScriptsTestExecutionListener@f72f6df, org.springframework.security.test.context.support.WithSecurityContextTestExecutionListener@d19ba8a, org.springframework.security.test.context.support.ReactorContextTestExecutionListener@7868f2a2, org.springframework.boot.test.autoconfigure.restdocs.RestDocsTestExecutionListener@5b96029, org.springframework.boot.test.autoconfigure.web.client.MockRestServiceServerResetTestExecutionListener@1de5aa4f, org.springframework.boot.test.autoconfigure.web.servlet.MockMvcPrintOnlyOnFailureTestExecutionListener@5d689e93, org.springframework.boot.test.autoconfigure.web.servlet.WebDriverTestExecutionListener@62aa9a7e, org.springframework.boot.test.mock.mockito.ResetMocksTestExecutionListener@2cdc162a]

  .   ____          _            __ _ _
 /\\ / ___'_ __ _ _(_)_ __  __ _ \ \ \ \
( ( )\___ | '_ | '_| | '_ \/ _` | \ \ \ \
 \\/  ___)| |_)| | | | | || (_| |  ) ) ) )
  '  |____| .__|_| |_|_| |_\__, | / / / /
 =========|_|==============|___/=/_/_/_/
 :: Spring Boot ::        (v2.1.9.RELEASE)

2024-04-03 10:51:04.783  INFO 9416 --- [    Test worker] c.j.book.springboot.HelloControllerTest  : Starting HelloControllerTest on DESKTOP-ATQCDJ2 with PID 9416 (started by tjdgu in C:\dev\stormStudy)
2024-04-03 10:51:04.784  INFO 9416 --- [    Test worker] c.j.book.springboot.HelloControllerTest  : No active profile set, falling back to default profiles: default
2024-04-03 10:51:05.112  INFO 9416 --- [    Test worker] o.s.s.concurrent.ThreadPoolTaskExecutor  : Initializing ExecutorService 'applicationTaskExecutor'
2024-04-03 10:51:05.145  INFO 9416 --- [    Test worker] o.s.b.a.w.s.WelcomePageHandlerMapping    : Adding welcome page template: index
2024-04-03 10:51:05.292  INFO 9416 --- [    Test worker] .s.s.UserDetailsServiceAutoConfiguration : 

Using generated security password: a82df6cc-6b0c-4411-bd54-02910d373b0d

2024-04-03 10:51:05.393  INFO 9416 --- [    Test worker] o.s.s.web.DefaultSecurityFilterChain     : Creating filter chain: any request, [org.springframework.security.web.context.request.async.WebAsyncManagerIntegrationFilter@6a0b6ec7, org.springframework.security.web.context.SecurityContextPersistenceFilter@22a1ed61, org.springframework.security.web.header.HeaderWriterFilter@369a6a7f, org.springframework.security.web.csrf.CsrfFilter@26b8c35e, org.springframework.security.web.authentication.logout.LogoutFilter@25808198, org.springframework.security.web.authentication.UsernamePasswordAuthenticationFilter@3a6bf57c, org.springframework.security.web.authentication.ui.DefaultLoginPageGeneratingFilter@4431ed16, org.springframework.security.web.authentication.ui.DefaultLogoutPageGeneratingFilter@2c36275f, org.springframework.security.web.authentication.www.BasicAuthenticationFilter@24017078, org.springframework.security.web.savedrequest.RequestCacheAwareFilter@30ba696a, org.springframework.security.web.servletapi.SecurityContextHolderAwareRequestFilter@55162490, org.springframework.security.web.authentication.AnonymousAuthenticationFilter@31b0011, org.springframework.security.web.session.SessionManagementFilter@5658edc1, org.springframework.security.web.access.ExceptionTranslationFilter@2f47a9c6, org.springframework.security.web.access.intercept.FilterSecurityInterceptor@b49ae1a]
2024-04-03 10:51:05.420  INFO 9416 --- [    Test worker] o.s.b.t.m.w.SpringBootMockServletContext : Initializing Spring TestDispatcherServlet ''
2024-04-03 10:51:05.420  INFO 9416 --- [    Test worker] o.s.t.web.servlet.TestDispatcherServlet  : Initializing Servlet ''
2024-04-03 10:51:05.430  INFO 9416 --- [    Test worker] o.s.t.web.servlet.TestDispatcherServlet  : Completed initialization in 10 ms
2024-04-03 10:51:05.451  INFO 9416 --- [    Test worker] c.j.book.springboot.HelloControllerTest  : Started HelloControllerTest in 0.69 seconds (JVM running for 6.758)
]]></system-out>
  <system-err><![CDATA[]]></system-err>
</testsuite>
